"File: Capture.c     Assembler  Version HGASM0202      Page 1


   1  0000              ; Generated by holtek-gcc v3.19, Fri Jul 31 11:07:04 2020
   2  0000              ; 
   3  0000              ; Configuration:
   4  0000              ;       without long instruction
   5  0000              ;       Single ROM, Multi-RAM
   6  0000              ;       bits_per_rom_unit:16
   7  0000              ;       with mp1
   8  0000              ;       with tbhp, address(0x9)
   9  0000              ;          Use tabrd-const
  10  0000              ;       
  11  0000              ;       
  12  0000              ;       
  13  0000              ; use 'tabrdc' instead of 'tabrd'
  14  0000              ;       
  15  0000              
  16  0000              #pragma translator "holtek-gcc 4.6.4" "3.19" "build 20130711"
  17  0000              ; Rebuild 718
  18  0000              
  19  0000              ir equ [2]
  20  0000              mp equ [3]
  21  0000              sbp equ [1]
  22  0000              acc equ [5]
  23  0000              bp equ [4]
  24  0000              tblp equ [7]
  25  0000              tbhp equ [9]
  26  0000              status equ [10]
  27  0000              c equ [10].0
  28  0000              ac equ [10].1
  29  0000              z equ [10].2
  30  0000              ov equ [10].3
  31  0000              intc equ [11]
  32  0000              
  33  0000              extern ra:byte
  34  0000              extern rb:byte
  35  0000              extern rc:byte
  36  0000              extern rd:byte
  37  0000              extern re:byte
  38  0000              extern rf:byte
  39  0000              extern rg:byte
  40  0000              extern rh:byte
  41  0000              extern _Crom2Prom:near
  42  0000              extern _Crom2PromNext:near
  43  0000              
  44  0000              RAMBANK 0 @HCCINIT, @HCCINIT0
  45  0000              
  46  0000              RAMBANK 0 @BITDATASEC, @BITDATASEC1
  47  0000              @HCCINIT	.section 'data'
  48  0000              @HCCINIT0	.section 'data'
  49  0000              @BITDATASEC	 .section 'data'
  50  0000              @BITDATASEC1	 .section 'data'
  51  0000              
  52  0000              #pragma debug scope 1 1
  53  0000              	extern __DELAY3:near
  54  0000              	extern __DELAYX3:near
  55  0000              	extern __DELAYX6:near
  56  0000              	extern __DELAYY5:near
  57  0000              	extern __DELAYY3:near
  58  0000              	extern _builtin_holtek_delay_2:byte
  59  0000              ___mfi1 equ [18]
"File: Capture.ASM   Assembler  Version HGASM0202      Page 2

  60  0000              ___tm1al equ [58]
  61  0000              ___tm1ah equ [59]
  62  0000              ___pb equ [37]
  63  0000              public _MuFunction1_ISR
  64  0000              #pragma debug scope 2 1

  28  0000              #line 28 "C:\ChipsGarden\醇法\MK8000\MK8000-Power PCB\UART2CAPTUREwith8bitsMCU\UART2CAPTUREwith8bitsMCU\Capture.c"
  28  0000              @MuFunction1_ISR_code .section at 16 'code'
  28  0000  0080     E  	mov r1,a
  28  0001  070A        	mov a,status
  28  0002  0080     E  	mov r2,a
  28  0003  2800     R  	jmp _MuFunction1_ISR
  28  0004              #pragma debug scope 1 1
  28  0004              @dummy16 endp
  28  0004              #pragma debug scope 3 1
  28  0000              _MuFunction1_ISR .section 'code'
  28  0000              _MuFunction1_ISR proc
  29  0000              #line 29 "C:\ChipsGarden\醇法\MK8000\MK8000-Power PCB\UART2CAPTUREwith8bitsMCU\UART2CAPTUREwith8bitsMCU\Capture.c"
  29  0000  3A92        	snz [18].5
  29  0001  2800     R  	jmp _L2
  31  0002              #line 31 "C:\ChipsGarden\醇法\MK8000\MK8000-Power PCB\UART2CAPTUREwith8bitsMCU\UART2CAPTUREwith8bitsMCU\Capture.c"
  31  0002  073A        	mov a,[58]
  31  0003  0080     R  	mov _capture_val[0],a
  32  0004              #line 32 "C:\ChipsGarden\醇法\MK8000\MK8000-Power PCB\UART2CAPTUREwith8bitsMCU\UART2CAPTUREwith8bitsMCU\Capture.c"
  32  0004  073B        	mov a,[59]
  32  0005  0080     R  	mov _capture_val[1],a
  33  0006              #line 33 "C:\ChipsGarden\醇法\MK8000\MK8000-Power PCB\UART2CAPTUREwith8bitsMCU\UART2CAPTUREwith8bitsMCU\Capture.c"
  33  0006  0700     R  	mov a,_counting[0]
  33  0007  0080     R  	mov _capture_val[2],a
  34  0008              #line 34 "C:\ChipsGarden\醇法\MK8000\MK8000-Power PCB\UART2CAPTUREwith8bitsMCU\UART2CAPTUREwith8bitsMCU\Capture.c"
  34  0008  0700     R  	mov a,_counting[1]
  34  0009  0080     R  	mov _capture_val[3],a
  35  000A              #line 35 "C:\ChipsGarden\醇法\MK8000\MK8000-Power PCB\UART2CAPTUREwith8bitsMCU\UART2CAPTUREwith8bitsMCU\Capture.c"
  35  000A  1F00     R  	clr _counting[0]
  35  000B  1F00     R  	clr _counting[1]
  37  000C              #line 37 "C:\ChipsGarden\醇法\MK8000\MK8000-Power PCB\UART2CAPTUREwith8bitsMCU\UART2CAPTUREwith8bitsMCU\Capture.c"
  37  000C  3800     E  	snz _interrupt_flag[0].2
  37  000D  2800     R  	jmp _L3
  39  000E              #line 39 "C:\ChipsGarden\醇法\MK8000\MK8000-Power PCB\UART2CAPTUREwith8bitsMCU\UART2CAPTUREwith8bitsMCU\Capture.c"
  39  000E  3400     E  	clr _interrupt_flag[0].2
  40  000F              #line 40 "C:\ChipsGarden\醇法\MK8000\MK8000-Power PCB\UART2CAPTUREwith8bitsMCU\UART2CAPTUREwith8bitsMCU\Capture.c"
  40  000F  34A5        	clr [37].1
  40  0010  2800     R  	jmp _L4
  40  0011              _L3:
  44  0011              #line 44 "C:\ChipsGarden\醇法\MK8000\MK8000-Power PCB\UART2CAPTUREwith8bitsMCU\UART2CAPTUREwith8bitsMCU\Capture.c"
  44  0011  3000     E  	set _interrupt_flag[0].2
  45  0012              #line 45 "C:\ChipsGarden\醇法\MK8000\MK8000-Power PCB\UART2CAPTUREwith8bitsMCU\UART2CAPTUREwith8bitsMCU\Capture.c"
  45  0012  30A5        	set [37].1
  45  0013              _L4:
  48  0013              #line 48 "C:\ChipsGarden\醇法\MK8000\MK8000-Power PCB\UART2CAPTUREwith8bitsMCU\UART2CAPTUREwith8bitsMCU\Capture.c"
  48  0013  3692        	clr [18].5
  48  0014              _L2:
  50  0014              #line 50 "C:\ChipsGarden\醇法\MK8000\MK8000-Power PCB\UART2CAPTUREwith8bitsMCU\UART2CAPTUREwith8bitsMCU\Capture.c"
  50  0014  3A12        	snz [18].4
  50  0015  2800     R  	jmp _L1
  52  0016              #line 52 "C:\ChipsGarden\醇法\MK8000\MK8000-Power PCB\UART2CAPTUREwith8bitsMCU\UART2CAPTUREwith8bitsMCU\Capture.c"
  52  0016  1480     R  	inc _counting[0]
  52  0017  3D0A        	sz z
  52  0018  1480     R  	inc _counting[1]
  53  0019              #line 53 "C:\ChipsGarden\醇法\MK8000\MK8000-Power PCB\UART2CAPTUREwith8bitsMCU\UART2CAPTUREwith8bitsMCU\Capture.c"
"File: Capture.c     Assembler  Version HGASM0202      Page 3

  53  0019  3612        	clr [18].4
  53  001A              _L1:
  53  001A  0700     E  	mov a,r2
  53  001B  008A        	mov status,a
  53  001C  0700     E  	mov a,r1
  53  001D  0004        	reti
  53  001E              _MuFunction1_ISR endp
  53  001E              
  53  001E              #line 53 "C:\ChipsGarden\醇法\MK8000\MK8000-Power PCB\UART2CAPTUREwith8bitsMCU\UART2CAPTUREwith8bitsMCU\Capture.c"
  53  001E              #pragma debug scope 1 1
  53  001E              ___tm1c0 equ [54]
  53  001E              ___tm1c1 equ [55]
  53  001E              ___tm1rpl equ [60]
  53  001E              ___tm1rph equ [61]
  53  001E              ___intc1 equ [15]
  53  001E              ___tmpc equ [25]
  53  001E              public _Capture_init
  53  001E              #pragma debug scope 4 1
  64  001E              #line 64 "C:\ChipsGarden\醇法\MK8000\MK8000-Power PCB\UART2CAPTUREwith8bitsMCU\UART2CAPTUREwith8bitsMCU\Capture.c"
  64  0000              _Capture_init .section 'code'
  64  0000              _Capture_init proc
  84  0000              #line 84 "C:\ChipsGarden\醇法\MK8000\MK8000-Power PCB\UART2CAPTUREwith8bitsMCU\UART2CAPTUREwith8bitsMCU\Capture.c"
  84  0000  0F10        	mov a,16
  84  0001  00B6        	mov [54],a
  85  0002              #line 85 "C:\ChipsGarden\醇法\MK8000\MK8000-Power PCB\UART2CAPTUREwith8bitsMCU\UART2CAPTUREwith8bitsMCU\Capture.c"
  85  0002  0F41        	mov a,65
  85  0003  00B7        	mov [55],a
  86  0004              #line 86 "C:\ChipsGarden\醇法\MK8000\MK8000-Power PCB\UART2CAPTUREwith8bitsMCU\UART2CAPTUREwith8bitsMCU\Capture.c"
  86  0004  1F3A        	clr [58]
  87  0005              #line 87 "C:\ChipsGarden\醇法\MK8000\MK8000-Power PCB\UART2CAPTUREwith8bitsMCU\UART2CAPTUREwith8bitsMCU\Capture.c"
  87  0005  1F3B        	clr [59]
  88  0006              #line 88 "C:\ChipsGarden\醇法\MK8000\MK8000-Power PCB\UART2CAPTUREwith8bitsMCU\UART2CAPTUREwith8bitsMCU\Capture.c"
  88  0006  1F3C        	clr [60]
  89  0007              #line 89 "C:\ChipsGarden\醇法\MK8000\MK8000-Power PCB\UART2CAPTUREwith8bitsMCU\UART2CAPTUREwith8bitsMCU\Capture.c"
  89  0007  1F3D        	clr [61]
  90  0008              #line 90 "C:\ChipsGarden\醇法\MK8000\MK8000-Power PCB\UART2CAPTUREwith8bitsMCU\UART2CAPTUREwith8bitsMCU\Capture.c"
  90  0008  3092        	set [18].1
  91  0009              #line 91 "C:\ChipsGarden\醇法\MK8000\MK8000-Power PCB\UART2CAPTUREwith8bitsMCU\UART2CAPTUREwith8bitsMCU\Capture.c"
  91  0009  3012        	set [18].0
  92  000A              #line 92 "C:\ChipsGarden\醇法\MK8000\MK8000-Power PCB\UART2CAPTUREwith8bitsMCU\UART2CAPTUREwith8bitsMCU\Capture.c"
  92  000A  300F        	set [15].0
  93  000B              #line 93 "C:\ChipsGarden\醇法\MK8000\MK8000-Power PCB\UART2CAPTUREwith8bitsMCU\UART2CAPTUREwith8bitsMCU\Capture.c"
  93  000B  31B6        	set [54].3
  94  000C              #line 94 "C:\ChipsGarden\醇法\MK8000\MK8000-Power PCB\UART2CAPTUREwith8bitsMCU\UART2CAPTUREwith8bitsMCU\Capture.c"
  94  000C  3099        	set [25].1
  94  000D  0003        	ret
  94  000E              _Capture_init endp
  94  000E              #line 94 "C:\ChipsGarden\醇法\MK8000\MK8000-Power PCB\UART2CAPTUREwith8bitsMCU\UART2CAPTUREwith8bitsMCU\Capture.c"
  94  000E              #pragma debug scope 1 1
  94  000E              public _Capture_test
  94  000E              #pragma debug scope 5 1
 105  000E              #line 105 "C:\ChipsGarden\醇法\MK8000\MK8000-Power PCB\UART2CAPTUREwith8bitsMCU\UART2CAPTUREwith8bitsMCU\Capture.c"
 105  0000              _Capture_test .section 'code'
 105  0000              _Capture_test proc
 106  0000              #line 106 "C:\ChipsGarden\醇法\MK8000\MK8000-Power PCB\UART2CAPTUREwith8bitsMCU\UART2CAPTUREwith8bitsMCU\Capture.c"
 106  0000  2000     R  	call _Capture_init
 106  0001  0003        	ret
 106  0002              _Capture_test endp
 106  0002              #line 106 "C:\ChipsGarden\醇法\MK8000\MK8000-Power PCB\UART2CAPTUREwith8bitsMCU\UART2CAPTUREwith8bitsMCU\Capture.c"
 106  0002              #pragma debug scope 1 1
"File: Capture.c     Assembler  Version HGASM0202      Page 4

  17  0002              #line 17 "C:\ChipsGarden\醇法\MK8000\MK8000-Power PCB\UART2CAPTUREwith8bitsMCU\UART2CAPTUREwith8bitsMCU\Capture.c"
  17  0002              public _capture_val
  17  0000              @HCCINIT0 .section 'data'
  17  0000  0004[       _capture_val	db 4 dup(0)
            00
            ]
  17  0004              #pragma debug struct_end
  17  0004              #pragma debug struct_end
  17  0004              #pragma debug struct_end
  17  0004              #pragma debug struct_end
  17  0004              #pragma debug union_end
  17  0004              #pragma debug union_end
  17  0004              #pragma debug variable 44 1 _capture_val "capture_val"
  17  0004              
  17  0000              @HCCINIT .section 'data'
  16  0000              #line 16 "C:\ChipsGarden\醇法\MK8000\MK8000-Power PCB\UART2CAPTUREwith8bitsMCU\UART2CAPTUREwith8bitsMCU\Capture.c"
  16  0000              public _counting
  16  0004              @HCCINIT0 .section 'data'
  16  0004  0002[       _counting	db 2 dup(0)
            00
            ]
  16  0006              #pragma debug struct_end
  16  0006              #pragma debug struct_end
  16  0006              #pragma debug struct_end
  16  0006              #pragma debug struct_end
  16  0006              #pragma debug union_end
  16  0006              #pragma debug union_end
  16  0006              #pragma debug variable 47 1 _counting "counting"
  16  0006              
  16  0000              @HCCINIT .section 'data'
  16  0000              #pragma debug struct_end
  16  0000              #pragma debug struct_end
  16  0000              #pragma debug union_end
  16  0000              #pragma debug union_end
  16  0000              #pragma debug variable 49 1 ___intc1 "__intc1" 1
  16  0000              #pragma debug struct_end
  16  0000              #pragma debug struct_end
  16  0000              #pragma debug union_end
  16  0000              #pragma debug union_end
  16  0000              #pragma debug variable 51 1 ___mfi1 "__mfi1" 1
  16  0000              #pragma debug struct_end
  16  0000              #pragma debug struct_end
  16  0000              #pragma debug union_end
  16  0000              #pragma debug union_end
  16  0000              #pragma debug variable 53 1 ___tmpc "__tmpc" 1
  16  0000              #pragma debug struct_end
  16  0000              #pragma debug struct_end
  16  0000              #pragma debug union_end
  16  0000              #pragma debug union_end
  16  0000              #pragma debug variable 55 1 ___pb "__pb" 1
  16  0000              #pragma debug struct_end
  16  0000              #pragma debug struct_end
  16  0000              #pragma debug union_end
  16  0000              #pragma debug union_end
  16  0000              #pragma debug variable 57 1 ___tm1c0 "__tm1c0" 1
  16  0000              #pragma debug struct_end
  16  0000              #pragma debug struct_end
  16  0000              #pragma debug union_end
  16  0000              #pragma debug union_end
  16  0000              #pragma debug variable 59 1 ___tm1c1 "__tm1c1" 1
"File: Capture.c     Assembler  Version HGASM0202      Page 5

  16  0000              #pragma debug variable 8 1 ___tm1al "__tm1al" 1
  16  0000              #pragma debug variable 8 1 ___tm1ah "__tm1ah" 1
  16  0000              #pragma debug variable 8 1 ___tm1rpl "__tm1rpl" 1
  16  0000              #pragma debug variable 8 1 ___tm1rph "__tm1rph" 1
  16  0000              
  16  0000              ; output external variables
  16  0000              extern _interrupt_flag:byte
  16  0000              extern r1:byte
  16  0000              extern r2:byte
  16  0000              
  16  0000              ; 
  16  0000              ; Generated by holtek-gcc v3.19, Fri Jul 31 11:07:04 2020
  16  0000              ; Rebuild 718
  16  0000              ; end of file


        0 Errors, 0