"File: EEPROM.c      Assembler  Version HGASM0202      Page 1


   1  0000              ; Generated by holtek-gcc v3.19, Fri Jul 31 11:07:05 2020
   2  0000              ; 
   3  0000              ; Configuration:
   4  0000              ;       without long instruction
   5  0000              ;       Single ROM, Multi-RAM
   6  0000              ;       bits_per_rom_unit:16
   7  0000              ;       with mp1
   8  0000              ;       with tbhp, address(0x9)
   9  0000              ;          Use tabrd-const
  10  0000              ;       
  11  0000              ;       
  12  0000              ;       
  13  0000              ; use 'tabrdc' instead of 'tabrd'
  14  0000              ;       
  15  0000              
  16  0000              #pragma translator "holtek-gcc 4.6.4" "3.19" "build 20130711"
  17  0000              ; Rebuild 718
  18  0000              
  19  0000              ir equ [2]
  20  0000              mp equ [3]
  21  0000              sbp equ [1]
  22  0000              acc equ [5]
  23  0000              bp equ [4]
  24  0000              tblp equ [7]
  25  0000              tbhp equ [9]
  26  0000              status equ [10]
  27  0000              c equ [10].0
  28  0000              ac equ [10].1
  29  0000              z equ [10].2
  30  0000              ov equ [10].3
  31  0000              intc equ [11]
  32  0000              
  33  0000              extern ra:byte
  34  0000              extern rb:byte
  35  0000              extern rc:byte
  36  0000              extern rd:byte
  37  0000              extern re:byte
  38  0000              extern rf:byte
  39  0000              extern rg:byte
  40  0000              extern rh:byte
  41  0000              extern _Crom2Prom:near
  42  0000              extern _Crom2PromNext:near
  43  0000              
  44  0000              RAMBANK 0 @HCCINIT, @HCCINIT0
  45  0000              
  46  0000              RAMBANK 0 @BITDATASEC, @BITDATASEC1
  47  0000              @HCCINIT	.section 'data'
  48  0000              @HCCINIT0	.section 'data'
  49  0000              @BITDATASEC	 .section 'data'
  50  0000              @BITDATASEC1	 .section 'data'
  51  0000              
  52  0000              #pragma debug scope 1 1
  53  0000              	extern __DELAY3:near
  54  0000              	extern __DELAYX3:near
  55  0000              	extern __DELAYX6:near
  56  0000              	extern __DELAYY5:near
  57  0000              	extern __DELAYY3:near
  58  0000              	extern _builtin_holtek_delay_2:byte
  59  0000              ___intc0 equ [14]
"File: EEPROM.ASM    Assembler  Version HGASM0202      Page 2

  60  0000              ___eea equ [30]
  61  0000              ___bp equ [4]
  62  0000              ___mp1 equ [3]
  63  0000              ___iar1 equ [2]
  64  0000              ___eed equ [31]
  65  0000              public _Read_EEPROM
  66  0000              #pragma debug scope 2 1

  24  0000              #line 24 "C:\ChipsGarden\醇法\MK8000\MK8000-Power PCB\UART2CAPTUREwith8bitsMCU\UART2CAPTUREwith8bitsMCU\EEPROM.c"
  24  0000              _Read_EEPROM .section 'code'
  24  0000              _Read_EEPROM proc
  24  0000  00              local _Read_EEPROM_2 db 1 dup(?)	; 0,1
  24  0000  0080     R  	mov _Read_EEPROM_2[0],a
  24  0001              #pragma debug variable 8 2 _Read_EEPROM_2+0 "addr"
  26  0001              #line 26 "C:\ChipsGarden\醇法\MK8000\MK8000-Power PCB\UART2CAPTUREwith8bitsMCU\UART2CAPTUREwith8bitsMCU\EEPROM.c"
  26  0001  070E        	mov a,[14]
  26  0002  0E01        	and a,1
  26  0003  0080     E  	mov rb,a
  27  0004              #line 27 "C:\ChipsGarden\醇法\MK8000\MK8000-Power PCB\UART2CAPTUREwith8bitsMCU\UART2CAPTUREwith8bitsMCU\EEPROM.c"
  27  0004  340E        	clr [14].0
  28  0005              #line 28 "C:\ChipsGarden\醇法\MK8000\MK8000-Power PCB\UART2CAPTUREwith8bitsMCU\UART2CAPTUREwith8bitsMCU\EEPROM.c"
  28  0005  0700     R  	mov a,_Read_EEPROM_2[0]
  28  0006  009E        	mov [30],a
  29  0007              #line 29 "C:\ChipsGarden\醇法\MK8000\MK8000-Power PCB\UART2CAPTUREwith8bitsMCU\UART2CAPTUREwith8bitsMCU\EEPROM.c"
  29  0007  0F01        	mov a,1
  29  0008  0084        	mov [4],a
  30  0009              #line 30 "C:\ChipsGarden\醇法\MK8000\MK8000-Power PCB\UART2CAPTUREwith8bitsMCU\UART2CAPTUREwith8bitsMCU\EEPROM.c"
  30  0009  0F40        	mov a,64
  30  000A  0083        	mov [3],a
  34  000B              #line 34 "C:\ChipsGarden\醇法\MK8000\MK8000-Power PCB\UART2CAPTUREwith8bitsMCU\UART2CAPTUREwith8bitsMCU\EEPROM.c"
  34  000B  3082        	set [2].1
  35  000C              #line 35 "C:\ChipsGarden\醇法\MK8000\MK8000-Power PCB\UART2CAPTUREwith8bitsMCU\UART2CAPTUREwith8bitsMCU\EEPROM.c"
  35  000C  3002        	set [2].0
  35  000D              _L3:
  36  000D              #line 36 "C:\ChipsGarden\醇法\MK8000\MK8000-Power PCB\UART2CAPTUREwith8bitsMCU\UART2CAPTUREwith8bitsMCU\EEPROM.c"
  36  000D  3C02        	sz [2].0
  36  000E  2800     R  	jmp _L3
  37  000F              #line 37 "C:\ChipsGarden\醇法\MK8000\MK8000-Power PCB\UART2CAPTUREwith8bitsMCU\UART2CAPTUREwith8bitsMCU\EEPROM.c"
  37  000F  071F        	mov a,[31]
  37  0010  0080     E  	mov ra,a
  39  0011              #line 39 "C:\ChipsGarden\醇法\MK8000\MK8000-Power PCB\UART2CAPTUREwith8bitsMCU\UART2CAPTUREwith8bitsMCU\EEPROM.c"
  39  0011  3482        	clr [2].1
  41  0012              #line 41 "C:\ChipsGarden\醇法\MK8000\MK8000-Power PCB\UART2CAPTUREwith8bitsMCU\UART2CAPTUREwith8bitsMCU\EEPROM.c"
  41  0012  1F04        	clr [4]
  42  0013              #line 42 "C:\ChipsGarden\醇法\MK8000\MK8000-Power PCB\UART2CAPTUREwith8bitsMCU\UART2CAPTUREwith8bitsMCU\EEPROM.c"
  42  0013  340E        	clr [14].0
  42  0014  0700     E  	mov a,rb
  42  0015  058E        	orm a,[14]
  44  0016              #line 44 "C:\ChipsGarden\醇法\MK8000\MK8000-Power PCB\UART2CAPTUREwith8bitsMCU\UART2CAPTUREwith8bitsMCU\EEPROM.c"
  44  0016  0700     E  	mov a,ra
  44  0017  0003        	ret
  44  0018              _Read_EEPROM endp
  44  0018              #line 44 "C:\ChipsGarden\醇法\MK8000\MK8000-Power PCB\UART2CAPTUREwith8bitsMCU\UART2CAPTUREwith8bitsMCU\EEPROM.c"
  44  0018              #pragma debug scope 1 1
  44  0018              public _Write_EEPROM
  44  0018              #pragma debug scope 3 1
  52  0018              #line 52 "C:\ChipsGarden\醇法\MK8000\MK8000-Power PCB\UART2CAPTUREwith8bitsMCU\UART2CAPTUREwith8bitsMCU\EEPROM.c"
  52  0000              _Write_EEPROM .section 'code'
  52  0000              _Write_EEPROM proc
  52  0000              public _Write_EEPROM_2
"File: EEPROM.c      Assembler  Version HGASM0202      Page 3

  52  0000  0002[           local _Write_EEPROM_2 db 2 dup(?)	; 1,1
            00
            ]
  52  0000  0080     R  	mov _Write_EEPROM_2[1],a
  52  0001              #pragma debug variable 8 3 _Write_EEPROM_2+1 "addr"
  52  0001              #pragma debug variable 8 3 _Write_EEPROM_2+0 "data"
  54  0001              #line 54 "C:\ChipsGarden\醇法\MK8000\MK8000-Power PCB\UART2CAPTUREwith8bitsMCU\UART2CAPTUREwith8bitsMCU\EEPROM.c"
  54  0001  070E        	mov a,[14]
  54  0002  0E01        	and a,1
  54  0003  0080     E  	mov ra,a
  55  0004              #line 55 "C:\ChipsGarden\醇法\MK8000\MK8000-Power PCB\UART2CAPTUREwith8bitsMCU\UART2CAPTUREwith8bitsMCU\EEPROM.c"
  55  0004  340E        	clr [14].0
  56  0005              #line 56 "C:\ChipsGarden\醇法\MK8000\MK8000-Power PCB\UART2CAPTUREwith8bitsMCU\UART2CAPTUREwith8bitsMCU\EEPROM.c"
  56  0005  0700     R  	mov a,_Write_EEPROM_2[1]
  56  0006  009E        	mov [30],a
  57  0007              #line 57 "C:\ChipsGarden\醇法\MK8000\MK8000-Power PCB\UART2CAPTUREwith8bitsMCU\UART2CAPTUREwith8bitsMCU\EEPROM.c"
  57  0007  0700     R  	mov a,_Write_EEPROM_2[0]
  57  0008  009F        	mov [31],a
  58  0009              #line 58 "C:\ChipsGarden\醇法\MK8000\MK8000-Power PCB\UART2CAPTUREwith8bitsMCU\UART2CAPTUREwith8bitsMCU\EEPROM.c"
  58  0009  0F01        	mov a,1
  58  000A  0084        	mov [4],a
  59  000B              #line 59 "C:\ChipsGarden\醇法\MK8000\MK8000-Power PCB\UART2CAPTUREwith8bitsMCU\UART2CAPTUREwith8bitsMCU\EEPROM.c"
  59  000B  0F40        	mov a,64
  59  000C  0083        	mov [3],a
  63  000D              #line 63 "C:\ChipsGarden\醇法\MK8000\MK8000-Power PCB\UART2CAPTUREwith8bitsMCU\UART2CAPTUREwith8bitsMCU\EEPROM.c"
  63  000D  3182        	set [2].3
  64  000E              #line 64 "C:\ChipsGarden\醇法\MK8000\MK8000-Power PCB\UART2CAPTUREwith8bitsMCU\UART2CAPTUREwith8bitsMCU\EEPROM.c"
  64  000E  3102        	set [2].2
  66  000F              #line 66 "C:\ChipsGarden\醇法\MK8000\MK8000-Power PCB\UART2CAPTUREwith8bitsMCU\UART2CAPTUREwith8bitsMCU\EEPROM.c"
  66  000F              ;# 66 "C:\ChipsGarden\醇法\MK8000\MK8000-Power PCB\UART2CAPTUREwith8bitsMCU\UART2CAPTUREwith8bitsMCU\EEPROM.c" 1
  66  000F  0000        	nop
  66  0010              _L7:
  67  0010              #line 67 "C:\ChipsGarden\醇法\MK8000\MK8000-Power PCB\UART2CAPTUREwith8bitsMCU\UART2CAPTUREwith8bitsMCU\EEPROM.c"
  67  0010  3D02        	sz [2].2
  67  0011  2800     R  	jmp _L7
  69  0012              #line 69 "C:\ChipsGarden\醇法\MK8000\MK8000-Power PCB\UART2CAPTUREwith8bitsMCU\UART2CAPTUREwith8bitsMCU\EEPROM.c"
  69  0012  3582        	clr [2].3
  71  0013              #line 71 "C:\ChipsGarden\醇法\MK8000\MK8000-Power PCB\UART2CAPTUREwith8bitsMCU\UART2CAPTUREwith8bitsMCU\EEPROM.c"
  71  0013  1F04        	clr [4]
  72  0014              #line 72 "C:\ChipsGarden\醇法\MK8000\MK8000-Power PCB\UART2CAPTUREwith8bitsMCU\UART2CAPTUREwith8bitsMCU\EEPROM.c"
  72  0014  340E        	clr [14].0
  72  0015  0700     E  	mov a,ra
  72  0016  058E        	orm a,[14]
  72  0017  0003        	ret
  72  0018              _Write_EEPROM endp
  72  0018              #line 72 "C:\ChipsGarden\醇法\MK8000\MK8000-Power PCB\UART2CAPTUREwith8bitsMCU\UART2CAPTUREwith8bitsMCU\EEPROM.c"
  72  0018              #pragma debug scope 1 1
  72  0018              _databuffer equ [496]
  72  0018              public _TEST_EEPROM
  72  0018              #pragma debug scope 4 1
  83  0018              #line 83 "C:\ChipsGarden\醇法\MK8000\MK8000-Power PCB\UART2CAPTUREwith8bitsMCU\UART2CAPTUREwith8bitsMCU\EEPROM.c"
  83  0000              _TEST_EEPROM .section 'code'
  83  0000              _TEST_EEPROM proc
  83  0000  0004[           local _TEST_EEPROM_2 db 4 dup(?)	; 0,4
            00
            ]
  83  0000  0080     R  	mov _TEST_EEPROM_2[1],a
  83  0001              #pragma debug variable 8 4 _TEST_EEPROM_2+1 "eeprom_length"
  83  0001              #pragma debug variable 8 4 _TEST_EEPROM_2+0 "i"
  87  0001              #line 87 "C:\ChipsGarden\醇法\MK8000\MK8000-Power PCB\UART2CAPTUREwith8bitsMCU\UART2CAPTUREwith8bitsMCU\EEPROM.c"
"File: EEPROM.c      Assembler  Version HGASM0202      Page 4

  87  0001  1F00     R  	clr _TEST_EEPROM_2[0]
  87  0002              _L9:
  87  0002              #line 87 "C:\ChipsGarden\醇法\MK8000\MK8000-Power PCB\UART2CAPTUREwith8bitsMCU\UART2CAPTUREwith8bitsMCU\EEPROM.c"
  87  0002  0700     R  	mov a,_TEST_EEPROM_2[0]
  87  0003  0200     R  	sub a,_TEST_EEPROM_2[1]
  87  0004  3C0A        	sz c
  87  0005  2800     R  	jmp _L13
  89  0006              #line 89 "C:\ChipsGarden\醇法\MK8000\MK8000-Power PCB\UART2CAPTUREwith8bitsMCU\UART2CAPTUREwith8bitsMCU\EEPROM.c"
  89  0006  0700     R  	mov a,_TEST_EEPROM_2[0]
  89  0007  0080     E  	mov ra,a
  89  0008  0700     R  	mov a,_TEST_EEPROM_2[0]
  89  0009  0080     R  	mov _Write_EEPROM_2[0],a
  89  000A  0700     E  	mov a,ra
  89  000B  2000     R  	call _Write_EEPROM
  87  000C              #line 87 "C:\ChipsGarden\醇法\MK8000\MK8000-Power PCB\UART2CAPTUREwith8bitsMCU\UART2CAPTUREwith8bitsMCU\EEPROM.c"
  87  000C  1480     R  	inc _TEST_EEPROM_2[0]
  87  000D  2800     R  	jmp _L9
  87  000E              _L13:
  91  000E              #line 91 "C:\ChipsGarden\醇法\MK8000\MK8000-Power PCB\UART2CAPTUREwith8bitsMCU\UART2CAPTUREwith8bitsMCU\EEPROM.c"
  91  000E  1F00     R  	clr _TEST_EEPROM_2[0]
  91  000F              _L11:
  91  000F  0700     R  	mov a,_TEST_EEPROM_2[0]
  91  0010  0200     R  	sub a,_TEST_EEPROM_2[1]
  91  0011  3C0A        	sz c
  91  0012  2800     R  	jmp _L14
  93  0013              #line 93 "C:\ChipsGarden\醇法\MK8000\MK8000-Power PCB\UART2CAPTUREwith8bitsMCU\UART2CAPTUREwith8bitsMCU\EEPROM.c"
  93  0013  0700     R  	mov a,_TEST_EEPROM_2[0]
  93  0014  0080     R  	mov _TEST_EEPROM_2[2],a
  93  0015  1F00     R  	clr _TEST_EEPROM_2[3]
  93  0016  0700     R  	mov a,_TEST_EEPROM_2[0]
  93  0017  0080     E  	mov ra,a
  93  0018  0700     E  	mov a,ra
  93  0019  2000     R  	call _Read_EEPROM
  93  001A  0080     E  	mov ra,a
  93  001B  0FF0        	mov a,low offset _databuffer
  93  001C  0300     R  	add a,_TEST_EEPROM_2[2]
  93  001D  0083        	mov mp,a
  93  001E  0F01        	mov a,high offset _databuffer
  93  001F  1300     R  	adc a,_TEST_EEPROM_2[3]
  93  0020  0081        	mov sbp,a
  93  0021  0701        	mov a,sbp
  93  0022  0084        	mov bp,a
  93  0023  0700     E  	mov a,ra
  93  0024  0082        	mov ir,a
  91  0025              #line 91 "C:\ChipsGarden\醇法\MK8000\MK8000-Power PCB\UART2CAPTUREwith8bitsMCU\UART2CAPTUREwith8bitsMCU\EEPROM.c"
  91  0025  1480     R  	inc _TEST_EEPROM_2[0]
  91  0026  2800     R  	jmp _L11
  91  0027              _L14:
  96  0027              #line 96 "C:\ChipsGarden\醇法\MK8000\MK8000-Power PCB\UART2CAPTUREwith8bitsMCU\UART2CAPTUREwith8bitsMCU\EEPROM.c"
  96  0027              ;# 96 "C:\ChipsGarden\醇法\MK8000\MK8000-Power PCB\UART2CAPTUREwith8bitsMCU\UART2CAPTUREwith8bitsMCU\EEPROM.c" 1
  96  0027  0000        	nop
  96  0028  0003        	ret
  96  0029              _TEST_EEPROM endp
  96  0029              #line 96 "C:\ChipsGarden\醇法\MK8000\MK8000-Power PCB\UART2CAPTUREwith8bitsMCU\UART2CAPTUREwith8bitsMCU\EEPROM.c"
  96  0029              #pragma debug scope 1 1
  96  0029              #pragma debug variable 8 1 ___mp1 "__mp1" 1
  96  0029              #pragma debug struct_end
  96  0029              #pragma debug struct_end
  96  0029              #pragma debug union_end
  96  0029              #pragma debug union_end
"File: EEPROM.c      Assembler  Version HGASM0202      Page 5

  96  0029              #pragma debug variable 43 1 ___bp "__bp" 1
  96  0029              #pragma debug struct_end
  96  0029              #pragma debug struct_end
  96  0029              #pragma debug union_end
  96  0029              #pragma debug union_end
  96  0029              #pragma debug variable 45 1 ___intc0 "__intc0" 1
  96  0029              #pragma debug variable 8 1 ___eea "__eea" 1
  96  0029              #pragma debug variable 8 1 ___eed "__eed" 1
  96  0029              #pragma debug variable 8 1 ___iar1 "__iar1" 1
  96  0029              #pragma debug array 46 8 16 1
  96  0029              #pragma debug array 46 8 16 1
  96  0029              #pragma debug variable 46 1 _databuffer "databuffer" 16
  96  0029              
  96  0029              ; 
  96  0029              ; Generated by holtek-gcc v3.19, Fri Jul 31 11:07:05 2020
  96  0029              ; Rebuild 718
  96  0029              ; end of file


        0 Errors, 0