"File: Sys_Init.C    Assembler  Version HGASM0202      Page 1


   1  0000              ; Generated by holtek-gcc v3.19, Sat Nov 21 20:24:29 2020
   2  0000              ; 
   3  0000              ; Configuration:
   4  0000              ;       without long instruction
   5  0000              ;       Single ROM, Multi-RAM
   6  0000              ;       bits_per_rom_unit:16
   7  0000              ;       with mp1
   8  0000              ;       with tbhp, address(0x9)
   9  0000              ;          Use tabrd-const
  10  0000              ;       
  11  0000              ;       
  12  0000              ;       
  13  0000              ; use 'tabrdc' instead of 'tabrd'
  14  0000              ;       
  15  0000              
  16  0000              #pragma translator "holtek-gcc 4.6.4" "3.19" "build 20130711"
  17  0000              ; Rebuild 718
  18  0000              
  19  0000              ir equ [2]
  20  0000              mp equ [3]
  21  0000              sbp equ [1]
  22  0000              acc equ [5]
  23  0000              bp equ [4]
  24  0000              tblp equ [7]
  25  0000              tbhp equ [9]
  26  0000              status equ [10]
  27  0000              c equ [10].0
  28  0000              ac equ [10].1
  29  0000              z equ [10].2
  30  0000              ov equ [10].3
  31  0000              intc equ [11]
  32  0000              
  33  0000              extern ra:byte
  34  0000              extern rb:byte
  35  0000              extern rc:byte
  36  0000              extern rd:byte
  37  0000              extern re:byte
  38  0000              extern rf:byte
  39  0000              extern rg:byte
  40  0000              extern rh:byte
  41  0000              extern _Crom2Prom:near
  42  0000              extern _Crom2PromNext:near
  43  0000              
  44  0000              RAMBANK 0 @HCCINIT, @HCCINIT0
  45  0000              
  46  0000              RAMBANK 0 @BITDATASEC, @BITDATASEC1
  47  0000              @HCCINIT	.section 'data'
  48  0000              @HCCINIT0	.section 'data'
  49  0000              @BITDATASEC	 .section 'data'
  50  0000              @BITDATASEC1	 .section 'data'
  51  0000              
  52  0000              #pragma debug scope 1 1
  53  0000              	extern __DELAY3:near
  54  0000              	extern __DELAYX3:near
  55  0000              	extern __DELAYX6:near
  56  0000              	extern __DELAYY5:near
  57  0000              	extern __DELAYY3:near
  58  0000              	extern _builtin_holtek_delay_2:byte
  59  0000              ___pa equ [20]
"File: Sys_Init.ASM  Assembler  Version HGASM0202      Page 2

  60  0000              public _Task_500ms
  61  0000              #pragma debug scope 2 1

  25  0000              #line 25 "C:\ChipsGarden\醇法\MK8000\MK8000-Power PCB\UART2CAPTUREwith8bitsMCU\UART2CAPTUREwith8bitsMCU\Sys_Init.C"
  25  0000              _Task_500ms .section 'code'
  25  0000              _Task_500ms proc
  29  0000              #line 29 "C:\ChipsGarden\醇法\MK8000\MK8000-Power PCB\UART2CAPTUREwith8bitsMCU\UART2CAPTUREwith8bitsMCU\Sys_Init.C"
  29  0000  3800     E  	snz _interrupt_flag[0].1
  29  0001  2800     R  	jmp _L1
  30  0002              #line 30 "C:\ChipsGarden\醇法\MK8000\MK8000-Power PCB\UART2CAPTUREwith8bitsMCU\UART2CAPTUREwith8bitsMCU\Sys_Init.C"
  30  0002  3400     E  	clr _interrupt_flag[0].1
  32  0003              #line 32 "C:\ChipsGarden\醇法\MK8000\MK8000-Power PCB\UART2CAPTUREwith8bitsMCU\UART2CAPTUREwith8bitsMCU\Sys_Init.C"
  32  0003  1400     R  	inca _count_2sec[0]
  32  0004  0080     E  	mov ra,a
  32  0005  0700     E  	mov a,ra
  32  0006  0080     R  	mov _count_2sec[0],a
  33  0007              #line 33 "C:\ChipsGarden\醇法\MK8000\MK8000-Power PCB\UART2CAPTUREwith8bitsMCU\UART2CAPTUREwith8bitsMCU\Sys_Init.C"
  33  0007  0F03        	mov a,3
  33  0008  0200     E  	sub a,ra
  33  0009  3C0A        	sz c
  33  000A  2800     R  	jmp _L1
  34  000B              #line 34 "C:\ChipsGarden\醇法\MK8000\MK8000-Power PCB\UART2CAPTUREwith8bitsMCU\UART2CAPTUREwith8bitsMCU\Sys_Init.C"
  34  000B  1F00     R  	clr _count_2sec[0]
  35  000C              #line 35 "C:\ChipsGarden\醇法\MK8000\MK8000-Power PCB\UART2CAPTUREwith8bitsMCU\UART2CAPTUREwith8bitsMCU\Sys_Init.C"
  35  000C  3C00     R  	sz _system_flag[0].0
  35  000D  2800     R  	jmp _L5
  37  000E              #line 37 "C:\ChipsGarden\醇法\MK8000\MK8000-Power PCB\UART2CAPTUREwith8bitsMCU\UART2CAPTUREwith8bitsMCU\Sys_Init.C"
  37  000E  3000     R  	set _system_flag[0].0
  38  000F              #line 38 "C:\ChipsGarden\醇法\MK8000\MK8000-Power PCB\UART2CAPTUREwith8bitsMCU\UART2CAPTUREwith8bitsMCU\Sys_Init.C"
  38  000F  3014        	set [20].0
  38  0010  2800     R  	jmp _L1
  38  0011              _L5:
  42  0011              #line 42 "C:\ChipsGarden\醇法\MK8000\MK8000-Power PCB\UART2CAPTUREwith8bitsMCU\UART2CAPTUREwith8bitsMCU\Sys_Init.C"
  42  0011  3400     R  	clr _system_flag[0].0
  43  0012              #line 43 "C:\ChipsGarden\醇法\MK8000\MK8000-Power PCB\UART2CAPTUREwith8bitsMCU\UART2CAPTUREwith8bitsMCU\Sys_Init.C"
  43  0012  3414        	clr [20].0
  43  0013              _L1:
  43  0013  0003        	ret
  43  0014              _Task_500ms endp
  43  0014              #line 43 "C:\ChipsGarden\醇法\MK8000\MK8000-Power PCB\UART2CAPTUREwith8bitsMCU\UART2CAPTUREwith8bitsMCU\Sys_Init.C"
  43  0014              #pragma debug scope 1 1
  43  0014              public _Key_Scan
  43  0014              #pragma debug scope 3 1
  53  0014              #line 53 "C:\ChipsGarden\醇法\MK8000\MK8000-Power PCB\UART2CAPTUREwith8bitsMCU\UART2CAPTUREwith8bitsMCU\Sys_Init.C"
  53  0000              _Key_Scan .section 'code'
  53  0000              _Key_Scan proc
  55  0000              #line 55 "C:\ChipsGarden\醇法\MK8000\MK8000-Power PCB\UART2CAPTUREwith8bitsMCU\UART2CAPTUREwith8bitsMCU\Sys_Init.C"
  55  0000              ;# 55 "C:\ChipsGarden\醇法\MK8000\MK8000-Power PCB\UART2CAPTUREwith8bitsMCU\UART2CAPTUREwith8bitsMCU\Sys_Init.C" 1
  55  0000  0000        	nop
  55  0001  0003        	ret
  55  0002              _Key_Scan endp
  55  0002              #line 55 "C:\ChipsGarden\醇法\MK8000\MK8000-Power PCB\UART2CAPTUREwith8bitsMCU\UART2CAPTUREwith8bitsMCU\Sys_Init.C"
  55  0002              #pragma debug scope 1 1
  55  0002              ___tm0c0 equ [47]
  55  0002              ___tm0c1 equ [48]
  55  0002              ___tm0al equ [51]
  55  0002              ___tm0ah equ [52]
  55  0002              ___tm0rp equ [53]
  55  0002              ___mfi0 equ [17]
  55  0002              ___intc0 equ [14]
"File: Sys_Init.C    Assembler  Version HGASM0202      Page 3

  55  0002              public _TimerInitial
  55  0002              #pragma debug scope 4 1
  65  0002              #line 65 "C:\ChipsGarden\醇法\MK8000\MK8000-Power PCB\UART2CAPTUREwith8bitsMCU\UART2CAPTUREwith8bitsMCU\Sys_Init.C"
  65  0000              _TimerInitial .section 'code'
  65  0000              _TimerInitial proc
  69  0000              #line 69 "C:\ChipsGarden\醇法\MK8000\MK8000-Power PCB\UART2CAPTUREwith8bitsMCU\UART2CAPTUREwith8bitsMCU\Sys_Init.C"
  69  0000  1F2F        	clr [47]
  70  0001              #line 70 "C:\ChipsGarden\醇法\MK8000\MK8000-Power PCB\UART2CAPTUREwith8bitsMCU\UART2CAPTUREwith8bitsMCU\Sys_Init.C"
  70  0001  0FC1        	mov a,193
  70  0002  00B0        	mov [48],a
  71  0003              #line 71 "C:\ChipsGarden\醇法\MK8000\MK8000-Power PCB\UART2CAPTUREwith8bitsMCU\UART2CAPTUREwith8bitsMCU\Sys_Init.C"
  71  0003  0F90        	mov a,144
  71  0004  00B3        	mov [51],a
  72  0005              #line 72 "C:\ChipsGarden\醇法\MK8000\MK8000-Power PCB\UART2CAPTUREwith8bitsMCU\UART2CAPTUREwith8bitsMCU\Sys_Init.C"
  72  0005  0F01        	mov a,1
  72  0006  00B4        	mov [52],a
  73  0007              #line 73 "C:\ChipsGarden\醇法\MK8000\MK8000-Power PCB\UART2CAPTUREwith8bitsMCU\UART2CAPTUREwith8bitsMCU\Sys_Init.C"
  73  0007  1F35        	clr [53]
  74  0008              #line 74 "C:\ChipsGarden\醇法\MK8000\MK8000-Power PCB\UART2CAPTUREwith8bitsMCU\UART2CAPTUREwith8bitsMCU\Sys_Init.C"
  74  0008  3091        	set [17].1
  76  0009              #line 76 "C:\ChipsGarden\醇法\MK8000\MK8000-Power PCB\UART2CAPTUREwith8bitsMCU\UART2CAPTUREwith8bitsMCU\Sys_Init.C"
  76  0009  318E        	set [14].3
  77  000A              #line 77 "C:\ChipsGarden\醇法\MK8000\MK8000-Power PCB\UART2CAPTUREwith8bitsMCU\UART2CAPTUREwith8bitsMCU\Sys_Init.C"
  77  000A  31AF        	set [47].3
  77  000B  0003        	ret
  77  000C              _TimerInitial endp
  77  000C              #line 77 "C:\ChipsGarden\醇法\MK8000\MK8000-Power PCB\UART2CAPTUREwith8bitsMCU\UART2CAPTUREwith8bitsMCU\Sys_Init.C"
  77  000C              #pragma debug scope 1 1
  77  000C              ___tbc equ [27]
  77  000C              ___intc1 equ [15]
  77  000C              ___intc2 equ [16]
  77  000C              public _WDT_ResetInit
  77  000C              #pragma debug scope 5 1
 112  000C              #line 112 "C:\ChipsGarden\醇法\MK8000\MK8000-Power PCB\UART2CAPTUREwith8bitsMCU\UART2CAPTUREwith8bitsMCU\Sys_Init.C"
 112  0000              _WDT_ResetInit .section 'code'
 112  0000              _WDT_ResetInit proc
 113  0000              #line 113 "C:\ChipsGarden\醇法\MK8000\MK8000-Power PCB\UART2CAPTUREwith8bitsMCU\UART2CAPTUREwith8bitsMCU\Sys_Init.C"
 113  0000  2000     E  	call _Uart_Init
 117  0001              #line 117 "C:\ChipsGarden\醇法\MK8000\MK8000-Power PCB\UART2CAPTUREwith8bitsMCU\UART2CAPTUREwith8bitsMCU\Sys_Init.C"
 117  0001  0FA1        	mov a,161
 117  0002  009B        	mov [27],a
 117  0003  318F        	set [15].3
 117  0004  3010        	set [16].0
 120  0005              #line 120 "C:\ChipsGarden\醇法\MK8000\MK8000-Power PCB\UART2CAPTUREwith8bitsMCU\UART2CAPTUREwith8bitsMCU\Sys_Init.C"
 120  0005  2000     R  	call _TimerInitial
 122  0006              #line 122 "C:\ChipsGarden\醇法\MK8000\MK8000-Power PCB\UART2CAPTUREwith8bitsMCU\UART2CAPTUREwith8bitsMCU\Sys_Init.C"
 122  0006              ;# 122 "C:\ChipsGarden\醇法\MK8000\MK8000-Power PCB\UART2CAPTUREwith8bitsMCU\UART2CAPTUREwith8bitsMCU\Sys_Init.C" 1
 122  0006  0000        	nop
 126  0007              #line 126 "C:\ChipsGarden\醇法\MK8000\MK8000-Power PCB\UART2CAPTUREwith8bitsMCU\UART2CAPTUREwith8bitsMCU\Sys_Init.C"
 126  0007  300E        	set [14].0
 126  0008  0003        	ret
 126  0009              _WDT_ResetInit endp
 126  0009              #line 126 "C:\ChipsGarden\醇法\MK8000\MK8000-Power PCB\UART2CAPTUREwith8bitsMCU\UART2CAPTUREwith8bitsMCU\Sys_Init.C"
 126  0009              #pragma debug scope 1 1
 126  0009              ___tm1c0 equ [54]
 126  0009              public _ReadyToHalt
 126  0009              #pragma debug scope 6 1
 155  0009              #line 155 "C:\ChipsGarden\醇法\MK8000\MK8000-Power PCB\UART2CAPTUREwith8bitsMCU\UART2CAPTUREwith8bitsMCU\Sys_Init.C"
 155  0000              _ReadyToHalt .section 'code'
 155  0000              _ReadyToHalt proc
"File: Sys_Init.C    Assembler  Version HGASM0202      Page 4

 157  0000              #line 157 "C:\ChipsGarden\醇法\MK8000\MK8000-Power PCB\UART2CAPTUREwith8bitsMCU\UART2CAPTUREwith8bitsMCU\Sys_Init.C"
 157  0000  2000     E  	call _Uart_off
 158  0001              #line 158 "C:\ChipsGarden\醇法\MK8000\MK8000-Power PCB\UART2CAPTUREwith8bitsMCU\UART2CAPTUREwith8bitsMCU\Sys_Init.C"
 158  0001  35B6        	clr [54].3
 161  0002              #line 161 "C:\ChipsGarden\醇法\MK8000\MK8000-Power PCB\UART2CAPTUREwith8bitsMCU\UART2CAPTUREwith8bitsMCU\Sys_Init.C"
 161  0002              ;# 161 "C:\ChipsGarden\醇法\MK8000\MK8000-Power PCB\UART2CAPTUREwith8bitsMCU\UART2CAPTUREwith8bitsMCU\Sys_Init.C" 1
 161  0002  0002        	halt
 163  0003              #line 163 "C:\ChipsGarden\醇法\MK8000\MK8000-Power PCB\UART2CAPTUREwith8bitsMCU\UART2CAPTUREwith8bitsMCU\Sys_Init.C"
 163  0003  2000     E  	call _Uart_Init
 163  0004  0003        	ret
 163  0005              _ReadyToHalt endp
 163  0005              #line 163 "C:\ChipsGarden\醇法\MK8000\MK8000-Power PCB\UART2CAPTUREwith8bitsMCU\UART2CAPTUREwith8bitsMCU\Sys_Init.C"
 163  0005              #pragma debug scope 1 1
 163  0005              ___acerl equ [67]
 163  0005              ___scomc equ [63]
 163  0005              ___cpc equ [62]
 163  0005              ___pac equ [21]
 163  0005              ___pbc equ [38]
 163  0005              ___pb equ [37]
 163  0005              public _GPIO_Init
 163  0005              #pragma debug scope 7 1
 188  0005              #line 188 "C:\ChipsGarden\醇法\MK8000\MK8000-Power PCB\UART2CAPTUREwith8bitsMCU\UART2CAPTUREwith8bitsMCU\Sys_Init.C"
 188  0000              _GPIO_Init .section 'code'
 188  0000              _GPIO_Init proc
 189  0000              #line 189 "C:\ChipsGarden\醇法\MK8000\MK8000-Power PCB\UART2CAPTUREwith8bitsMCU\UART2CAPTUREwith8bitsMCU\Sys_Init.C"
 189  0000  0F01        	mov a,1
 189  0001  00C3        	mov [67],a
 190  0002              #line 190 "C:\ChipsGarden\醇法\MK8000\MK8000-Power PCB\UART2CAPTUREwith8bitsMCU\UART2CAPTUREwith8bitsMCU\Sys_Init.C"
 190  0002  1F3F        	clr [63]
 191  0003              #line 191 "C:\ChipsGarden\醇法\MK8000\MK8000-Power PCB\UART2CAPTUREwith8bitsMCU\UART2CAPTUREwith8bitsMCU\Sys_Init.C"
 191  0003  0F09        	mov a,9
 191  0004  00BE        	mov [62],a
 193  0005              #line 193 "C:\ChipsGarden\醇法\MK8000\MK8000-Power PCB\UART2CAPTUREwith8bitsMCU\UART2CAPTUREwith8bitsMCU\Sys_Init.C"
 193  0005  0FFE        	mov a,254
 193  0006  0095        	mov [21],a
 196  0007              #line 196 "C:\ChipsGarden\醇法\MK8000\MK8000-Power PCB\UART2CAPTUREwith8bitsMCU\UART2CAPTUREwith8bitsMCU\Sys_Init.C"
 196  0007  0FFE        	mov a,254
 196  0008  0094        	mov [20],a
 198  0009              #line 198 "C:\ChipsGarden\醇法\MK8000\MK8000-Power PCB\UART2CAPTUREwith8bitsMCU\UART2CAPTUREwith8bitsMCU\Sys_Init.C"
 198  0009  0F01        	mov a,1
 198  000A  00A6        	mov [38],a
 200  000B              #line 200 "C:\ChipsGarden\醇法\MK8000\MK8000-Power PCB\UART2CAPTUREwith8bitsMCU\UART2CAPTUREwith8bitsMCU\Sys_Init.C"
 200  000B  0F01        	mov a,1
 200  000C  00A5        	mov [37],a
 200  000D  0003        	ret
 200  000E              _GPIO_Init endp
 200  000E              #line 200 "C:\ChipsGarden\醇法\MK8000\MK8000-Power PCB\UART2CAPTUREwith8bitsMCU\UART2CAPTUREwith8bitsMCU\Sys_Init.C"
 200  000E              #pragma debug scope 1 1
 200  000E              ___smod equ [11]
 200  000E              ___lvrc equ [29]
 200  000E              ___wdtc equ [26]
 200  000E              public _PowerOn_Init
 200  000E              #pragma debug scope 8 1
 134  000E              #line 134 "C:\ChipsGarden\醇法\MK8000\MK8000-Power PCB\UART2CAPTUREwith8bitsMCU\UART2CAPTUREwith8bitsMCU\Sys_Init.C"
 134  0000              _PowerOn_Init .section 'code'
 134  0000              _PowerOn_Init proc
 136  0000              #line 136 "C:\ChipsGarden\醇法\MK8000\MK8000-Power PCB\UART2CAPTUREwith8bitsMCU\UART2CAPTUREwith8bitsMCU\Sys_Init.C"
 136  0000  0FF3        	mov a,243
 136  0001  008B        	mov [11],a
 140  0002              #line 140 "C:\ChipsGarden\醇法\MK8000\MK8000-Power PCB\UART2CAPTUREwith8bitsMCU\UART2CAPTUREwith8bitsMCU\Sys_Init.C"
"File: Sys_Init.C    Assembler  Version HGASM0202      Page 5

 140  0002  0F33        	mov a,51
 140  0003  009D        	mov [29],a
 144  0004              #line 144 "C:\ChipsGarden\醇法\MK8000\MK8000-Power PCB\UART2CAPTUREwith8bitsMCU\UART2CAPTUREwith8bitsMCU\Sys_Init.C"
 144  0004  2000     R  	call _GPIO_Init
 147  0005              #line 147 "C:\ChipsGarden\醇法\MK8000\MK8000-Power PCB\UART2CAPTUREwith8bitsMCU\UART2CAPTUREwith8bitsMCU\Sys_Init.C"
 147  0005  0F57        	mov a,87
 147  0006  009A        	mov [26],a
 147  0007  0003        	ret
 147  0008              _PowerOn_Init endp
 147  0008              #line 147 "C:\ChipsGarden\醇法\MK8000\MK8000-Power PCB\UART2CAPTUREwith8bitsMCU\UART2CAPTUREwith8bitsMCU\Sys_Init.C"
 147  0008              #pragma debug scope 1 1
 147  0008              ___bp equ [4]
 147  0008              ___mp1 equ [3]
 147  0008              ___tblp equ [7]
 147  0008              ___iar1 equ [2]
 147  0008              public _Ram_Init
 147  0008              #pragma debug scope 9 1
 220  0008              #line 220 "C:\ChipsGarden\醇法\MK8000\MK8000-Power PCB\UART2CAPTUREwith8bitsMCU\UART2CAPTUREwith8bitsMCU\Sys_Init.C"
 220  0000              _Ram_Init .section 'code'
 220  0000              _Ram_Init proc
 221  0000              #line 221 "C:\ChipsGarden\醇法\MK8000\MK8000-Power PCB\UART2CAPTUREwith8bitsMCU\UART2CAPTUREwith8bitsMCU\Sys_Init.C"
 221  0000  0F01        	mov a,1
 221  0001  0084        	mov [4],a
 222  0002              #line 222 "C:\ChipsGarden\醇法\MK8000\MK8000-Power PCB\UART2CAPTUREwith8bitsMCU\UART2CAPTUREwith8bitsMCU\Sys_Init.C"
 222  0002  0FA0        	mov a,160
 222  0003  0083        	mov [3],a
 223  0004              #line 223 "C:\ChipsGarden\醇法\MK8000\MK8000-Power PCB\UART2CAPTUREwith8bitsMCU\UART2CAPTUREwith8bitsMCU\Sys_Init.C"
 223  0004  1F07        	clr [7]
 223  0005              _L14:
 223  0005              #line 223 "C:\ChipsGarden\醇法\MK8000\MK8000-Power PCB\UART2CAPTUREwith8bitsMCU\UART2CAPTUREwith8bitsMCU\Sys_Init.C"
 223  0005  0F5F        	mov a,95
 223  0006  0207        	sub a,[7]
 223  0007  380A        	snz c
 223  0008  2800     R  	jmp _L18
 225  0009              #line 225 "C:\ChipsGarden\醇法\MK8000\MK8000-Power PCB\UART2CAPTUREwith8bitsMCU\UART2CAPTUREwith8bitsMCU\Sys_Init.C"
 225  0009  1F02        	clr [2]
 226  000A              #line 226 "C:\ChipsGarden\醇法\MK8000\MK8000-Power PCB\UART2CAPTUREwith8bitsMCU\UART2CAPTUREwith8bitsMCU\Sys_Init.C"
 226  000A  1483        	inc [3]
 223  000B              #line 223 "C:\ChipsGarden\醇法\MK8000\MK8000-Power PCB\UART2CAPTUREwith8bitsMCU\UART2CAPTUREwith8bitsMCU\Sys_Init.C"
 223  000B  1487        	inc [7]
 223  000C  2800     R  	jmp _L14
 223  000D              _L18:
 228  000D              #line 228 "C:\ChipsGarden\醇法\MK8000\MK8000-Power PCB\UART2CAPTUREwith8bitsMCU\UART2CAPTUREwith8bitsMCU\Sys_Init.C"
 228  000D  1F04        	clr [4]
 230  000E              #line 230 "C:\ChipsGarden\醇法\MK8000\MK8000-Power PCB\UART2CAPTUREwith8bitsMCU\UART2CAPTUREwith8bitsMCU\Sys_Init.C"
 230  000E  0FA0        	mov a,160
 230  000F  0083        	mov [3],a
 232  0010              #line 232 "C:\ChipsGarden\醇法\MK8000\MK8000-Power PCB\UART2CAPTUREwith8bitsMCU\UART2CAPTUREwith8bitsMCU\Sys_Init.C"
 232  0010  1F07        	clr [7]
 232  0011  2800     R  	jmp _L16
 232  0012              _L17:
 234  0012              #line 234 "C:\ChipsGarden\醇法\MK8000\MK8000-Power PCB\UART2CAPTUREwith8bitsMCU\UART2CAPTUREwith8bitsMCU\Sys_Init.C"
 234  0012  1F02        	clr [2]
 235  0013              #line 235 "C:\ChipsGarden\醇法\MK8000\MK8000-Power PCB\UART2CAPTUREwith8bitsMCU\UART2CAPTUREwith8bitsMCU\Sys_Init.C"
 235  0013  1483        	inc [3]
 232  0014              #line 232 "C:\ChipsGarden\醇法\MK8000\MK8000-Power PCB\UART2CAPTUREwith8bitsMCU\UART2CAPTUREwith8bitsMCU\Sys_Init.C"
 232  0014  1487        	inc [7]
 232  0015              _L16:
 232  0015  0F5F        	mov a,95
 232  0016  0207        	sub a,[7]
"File: Sys_Init.C    Assembler  Version HGASM0202      Page 6

 232  0017  3C0A        	sz c
 232  0018  2800     R  	jmp _L17
 232  0019  0003        	ret
 232  001A              _Ram_Init endp
 232  001A              #line 232 "C:\ChipsGarden\醇法\MK8000\MK8000-Power PCB\UART2CAPTUREwith8bitsMCU\UART2CAPTUREwith8bitsMCU\Sys_Init.C"
 232  001A              #pragma debug scope 1 1
  17  001A              #line 17 "C:\ChipsGarden\醇法\MK8000\MK8000-Power PCB\UART2CAPTUREwith8bitsMCU\UART2CAPTUREwith8bitsMCU\Sys_Init.C"
  17  001A              public _system_flag
  17  0000              @HCCINIT0 .section 'data'
  17  0000              _system_flag	db 0
  17  0001              #pragma debug struct_end
  17  0001              #pragma debug struct_end
  17  0001              #pragma debug union_end
  17  0001              #pragma debug union_end
  17  0001              #pragma debug variable 43 1 _system_flag "system_flag"
  17  0001              
  17  0000              @HCCINIT .section 'data'
  16  0000              #line 16 "C:\ChipsGarden\醇法\MK8000\MK8000-Power PCB\UART2CAPTUREwith8bitsMCU\UART2CAPTUREwith8bitsMCU\Sys_Init.C"
  16  0000              public _count_2sec
  16  0001              @HCCINIT0 .section 'data'
  16  0001              _count_2sec	db 0
  16  0002              #pragma debug variable 8 1 _count_2sec "count_2sec"
  16  0002              
  16  0000              @HCCINIT .section 'data'
  16  0000              #pragma debug variable 8 1 ___mp1 "__mp1" 1
  16  0000              #pragma debug struct_end
  16  0000              #pragma debug struct_end
  16  0000              #pragma debug union_end
  16  0000              #pragma debug union_end
  16  0000              #pragma debug variable 45 1 ___bp "__bp" 1
  16  0000              #pragma debug variable 8 1 ___tblp "__tblp" 1
  16  0000              #pragma debug struct_end
  16  0000              #pragma debug struct_end
  16  0000              #pragma debug union_end
  16  0000              #pragma debug union_end
  16  0000              #pragma debug variable 47 1 ___smod "__smod" 1
  16  0000              #pragma debug struct_end
  16  0000              #pragma debug struct_end
  16  0000              #pragma debug union_end
  16  0000              #pragma debug union_end
  16  0000              #pragma debug variable 49 1 ___intc0 "__intc0" 1
  16  0000              #pragma debug struct_end
  16  0000              #pragma debug struct_end
  16  0000              #pragma debug union_end
  16  0000              #pragma debug union_end
  16  0000              #pragma debug variable 51 1 ___intc1 "__intc1" 1
  16  0000              #pragma debug struct_end
  16  0000              #pragma debug struct_end
  16  0000              #pragma debug union_end
  16  0000              #pragma debug union_end
  16  0000              #pragma debug variable 53 1 ___intc2 "__intc2" 1
  16  0000              #pragma debug struct_end
  16  0000              #pragma debug struct_end
  16  0000              #pragma debug union_end
  16  0000              #pragma debug union_end
  16  0000              #pragma debug variable 55 1 ___mfi0 "__mfi0" 1
  16  0000              #pragma debug struct_end
  16  0000              #pragma debug struct_end
  16  0000              #pragma debug union_end
  16  0000              #pragma debug union_end
"File: Sys_Init.C    Assembler  Version HGASM0202      Page 7

  16  0000              #pragma debug variable 57 1 ___pa "__pa" 1
  16  0000              #pragma debug struct_end
  16  0000              #pragma debug struct_end
  16  0000              #pragma debug union_end
  16  0000              #pragma debug union_end
  16  0000              #pragma debug variable 59 1 ___pac "__pac" 1
  16  0000              #pragma debug struct_end
  16  0000              #pragma debug struct_end
  16  0000              #pragma debug union_end
  16  0000              #pragma debug union_end
  16  0000              #pragma debug variable 61 1 ___wdtc "__wdtc" 1
  16  0000              #pragma debug struct_end
  16  0000              #pragma debug struct_end
  16  0000              #pragma debug union_end
  16  0000              #pragma debug union_end
  16  0000              #pragma debug variable 63 1 ___tbc "__tbc" 1
  16  0000              #pragma debug struct_end
  16  0000              #pragma debug struct_end
  16  0000              #pragma debug union_end
  16  0000              #pragma debug union_end
  16  0000              #pragma debug variable 65 1 ___lvrc "__lvrc" 1
  16  0000              #pragma debug struct_end
  16  0000              #pragma debug struct_end
  16  0000              #pragma debug union_end
  16  0000              #pragma debug union_end
  16  0000              #pragma debug variable 67 1 ___pb "__pb" 1
  16  0000              #pragma debug struct_end
  16  0000              #pragma debug struct_end
  16  0000              #pragma debug union_end
  16  0000              #pragma debug union_end
  16  0000              #pragma debug variable 69 1 ___pbc "__pbc" 1
  16  0000              #pragma debug struct_end
  16  0000              #pragma debug struct_end
  16  0000              #pragma debug union_end
  16  0000              #pragma debug union_end
  16  0000              #pragma debug variable 71 1 ___tm0c0 "__tm0c0" 1
  16  0000              #pragma debug struct_end
  16  0000              #pragma debug struct_end
  16  0000              #pragma debug union_end
  16  0000              #pragma debug union_end
  16  0000              #pragma debug variable 73 1 ___tm0c1 "__tm0c1" 1
  16  0000              #pragma debug variable 8 1 ___tm0al "__tm0al" 1
  16  0000              #pragma debug variable 8 1 ___tm0ah "__tm0ah" 1
  16  0000              #pragma debug struct_end
  16  0000              #pragma debug struct_end
  16  0000              #pragma debug union_end
  16  0000              #pragma debug union_end
  16  0000              #pragma debug variable 75 1 ___tm0rp "__tm0rp" 1
  16  0000              #pragma debug struct_end
  16  0000              #pragma debug struct_end
  16  0000              #pragma debug union_end
  16  0000              #pragma debug union_end
  16  0000              #pragma debug variable 77 1 ___tm1c0 "__tm1c0" 1
  16  0000              #pragma debug struct_end
  16  0000              #pragma debug struct_end
  16  0000              #pragma debug union_end
  16  0000              #pragma debug union_end
  16  0000              #pragma debug variable 79 1 ___cpc "__cpc" 1
  16  0000              #pragma debug struct_end
  16  0000              #pragma debug struct_end
"File: Sys_Init.C    Assembler  Version HGASM0202      Page 8

  16  0000              #pragma debug union_end
  16  0000              #pragma debug union_end
  16  0000              #pragma debug variable 81 1 ___scomc "__scomc" 1
  16  0000              #pragma debug struct_end
  16  0000              #pragma debug struct_end
  16  0000              #pragma debug union_end
  16  0000              #pragma debug union_end
  16  0000              #pragma debug variable 83 1 ___acerl "__acerl" 1
  16  0000              #pragma debug variable 8 1 ___iar1 "__iar1" 1
  16  0000              
  16  0000              ; output external variables
  16  0000              extern _interrupt_flag:byte
  16  0000              extern _Uart_Init:near
  16  0000              extern _Uart_off:near
  16  0000              
  16  0000              ; 
  16  0000              ; Generated by holtek-gcc v3.19, Sat Nov 21 20:24:29 2020
  16  0000              ; Rebuild 718
  16  0000              ; end of file


        0 Errors, 0